mode: set
github.com/pshima/consul-snapshot/services/backup_service.go:20.68,22.2 1 0
github.com/pshima/consul-snapshot/services/backup_service.go:24.52,26.2 1 0
github.com/pshima/consul-snapshot/services/backup_service.go:28.68,31.2 1 0
github.com/pshima/consul-snapshot/services/backup_service.go:33.52,36.2 1 0
github.com/pshima/consul-snapshot/services/backup_service.go:49.200,58.2 1 1
github.com/pshima/consul-snapshot/services/backup_service.go:75.60,82.44 3 1
github.com/pshima/consul-snapshot/services/backup_service.go:82.44,84.3 1 1
github.com/pshima/consul-snapshot/services/backup_service.go:85.2,88.43 3 1
github.com/pshima/consul-snapshot/services/backup_service.go:88.43,90.3 1 0
github.com/pshima/consul-snapshot/services/backup_service.go:91.2,94.44 3 1
github.com/pshima/consul-snapshot/services/backup_service.go:94.44,96.3 1 0
github.com/pshima/consul-snapshot/services/backup_service.go:97.2,99.18 2 1
github.com/pshima/consul-snapshot/services/backup_service.go:103.63,108.16 4 1
github.com/pshima/consul-snapshot/services/backup_service.go:108.16,110.3 1 0
github.com/pshima/consul-snapshot/services/backup_service.go:112.2,114.16 3 1
github.com/pshima/consul-snapshot/services/backup_service.go:114.16,116.3 1 0
github.com/pshima/consul-snapshot/services/backup_service.go:118.2,120.16 3 1
github.com/pshima/consul-snapshot/services/backup_service.go:120.16,122.3 1 0
github.com/pshima/consul-snapshot/services/backup_service.go:124.2,124.12 1 1
github.com/pshima/consul-snapshot/services/backup_service.go:128.65,135.68 4 1
github.com/pshima/consul-snapshot/services/backup_service.go:135.68,137.3 1 0
github.com/pshima/consul-snapshot/services/backup_service.go:140.2,142.78 3 1
github.com/pshima/consul-snapshot/services/backup_service.go:142.78,144.3 1 0
github.com/pshima/consul-snapshot/services/backup_service.go:145.2,150.78 4 1
github.com/pshima/consul-snapshot/services/backup_service.go:150.78,152.3 1 0
github.com/pshima/consul-snapshot/services/backup_service.go:153.2,158.80 4 1
github.com/pshima/consul-snapshot/services/backup_service.go:158.80,160.3 1 0
github.com/pshima/consul-snapshot/services/backup_service.go:161.2,164.46 2 1
github.com/pshima/consul-snapshot/services/backup_service.go:164.46,166.3 1 0
github.com/pshima/consul-snapshot/services/backup_service.go:168.2,168.12 1 1
github.com/pshima/consul-snapshot/services/backup_service.go:172.64,176.25 3 1
github.com/pshima/consul-snapshot/services/backup_service.go:176.25,178.3 1 1
github.com/pshima/consul-snapshot/services/backup_service.go:178.8,180.3 1 1
github.com/pshima/consul-snapshot/services/backup_service.go:182.2,185.63 3 1
github.com/pshima/consul-snapshot/services/backup_service.go:185.63,187.3 1 0
github.com/pshima/consul-snapshot/services/backup_service.go:189.2,190.12 2 1
github.com/pshima/consul-snapshot/services/backup_service.go:194.62,195.25 1 1
github.com/pshima/consul-snapshot/services/backup_service.go:195.25,198.3 2 1
github.com/pshima/consul-snapshot/services/backup_service.go:200.2,200.22 1 1
github.com/pshima/consul-snapshot/services/backup_service.go:200.22,202.3 1 0
github.com/pshima/consul-snapshot/services/backup_service.go:205.2,206.16 2 1
github.com/pshima/consul-snapshot/services/backup_service.go:206.16,208.3 1 0
github.com/pshima/consul-snapshot/services/backup_service.go:211.2,215.18 4 1
github.com/pshima/consul-snapshot/services/backup_service.go:215.18,217.3 1 0
github.com/pshima/consul-snapshot/services/backup_service.go:219.2,224.29 4 1
github.com/pshima/consul-snapshot/services/backup_service.go:224.29,226.3 1 1
github.com/pshima/consul-snapshot/services/backup_service.go:226.8,226.37 1 0
github.com/pshima/consul-snapshot/services/backup_service.go:226.37,228.3 1 0
github.com/pshima/consul-snapshot/services/backup_service.go:228.8,230.3 1 0
github.com/pshima/consul-snapshot/services/backup_service.go:232.2,232.74 1 1
github.com/pshima/consul-snapshot/services/backup_service.go:232.74,234.3 1 0
github.com/pshima/consul-snapshot/services/backup_service.go:236.2,237.12 2 1
github.com/pshima/consul-snapshot/services/backup_service.go:241.57,242.26 1 1
github.com/pshima/consul-snapshot/services/backup_service.go:242.26,243.64 1 1
github.com/pshima/consul-snapshot/services/backup_service.go:243.64,245.4 1 0
github.com/pshima/consul-snapshot/services/backup_service.go:248.2,248.51 1 1
github.com/pshima/consul-snapshot/services/backup_service.go:248.51,249.62 1 0
github.com/pshima/consul-snapshot/services/backup_service.go:249.62,251.4 1 0
github.com/pshima/consul-snapshot/services/backup_service.go:254.2,254.12 1 1
github.com/pshima/consul-snapshot/services/backup_service.go:258.43,263.16 3 1
github.com/pshima/consul-snapshot/services/backup_service.go:263.16,265.3 1 0
github.com/pshima/consul-snapshot/services/backup_service.go:268.2,268.46 1 1
github.com/pshima/consul-snapshot/services/backup_service.go:268.46,270.3 1 0
github.com/pshima/consul-snapshot/services/backup_service.go:273.2,273.48 1 1
github.com/pshima/consul-snapshot/services/backup_service.go:273.48,275.3 1 0
github.com/pshima/consul-snapshot/services/backup_service.go:278.2,278.47 1 1
github.com/pshima/consul-snapshot/services/backup_service.go:278.47,280.3 1 0
github.com/pshima/consul-snapshot/services/backup_service.go:283.2,283.45 1 1
github.com/pshima/consul-snapshot/services/backup_service.go:283.45,285.3 1 0
github.com/pshima/consul-snapshot/services/backup_service.go:288.2,291.12 3 1
github.com/pshima/consul-snapshot/services/backup_service.go:295.63,298.2 2 1
github.com/pshima/consul-snapshot/services/backup_service.go:300.63,312.16 3 1
github.com/pshima/consul-snapshot/services/backup_service.go:312.16,314.3 1 0
github.com/pshima/consul-snapshot/services/backup_service.go:316.2,317.57 2 1
github.com/pshima/consul-snapshot/services/restore_service.go:25.202,34.2 1 1
github.com/pshima/consul-snapshot/services/restore_service.go:48.83,53.25 2 1
github.com/pshima/consul-snapshot/services/restore_service.go:53.25,57.3 2 1
github.com/pshima/consul-snapshot/services/restore_service.go:60.2,61.29 2 1
github.com/pshima/consul-snapshot/services/restore_service.go:61.29,63.3 1 1
github.com/pshima/consul-snapshot/services/restore_service.go:63.8,63.37 1 0
github.com/pshima/consul-snapshot/services/restore_service.go:63.37,65.3 1 0
github.com/pshima/consul-snapshot/services/restore_service.go:65.8,67.3 1 0
github.com/pshima/consul-snapshot/services/restore_service.go:69.2,72.16 3 1
github.com/pshima/consul-snapshot/services/restore_service.go:72.16,74.3 1 0
github.com/pshima/consul-snapshot/services/restore_service.go:77.2,80.81 3 1
github.com/pshima/consul-snapshot/services/restore_service.go:80.81,82.3 1 0
github.com/pshima/consul-snapshot/services/restore_service.go:84.2,85.18 2 1
github.com/pshima/consul-snapshot/services/restore_service.go:89.65,94.72 3 1
github.com/pshima/consul-snapshot/services/restore_service.go:94.72,96.3 1 0
github.com/pshima/consul-snapshot/services/restore_service.go:99.2,99.79 1 1
github.com/pshima/consul-snapshot/services/restore_service.go:99.79,101.3 1 0
github.com/pshima/consul-snapshot/services/restore_service.go:103.2,103.12 1 1
github.com/pshima/consul-snapshot/services/restore_service.go:107.64,112.16 4 1
github.com/pshima/consul-snapshot/services/restore_service.go:112.16,114.3 1 0
github.com/pshima/consul-snapshot/services/restore_service.go:116.2,116.68 1 1
github.com/pshima/consul-snapshot/services/restore_service.go:116.68,118.3 1 0
github.com/pshima/consul-snapshot/services/restore_service.go:121.2,121.74 1 1
github.com/pshima/consul-snapshot/services/restore_service.go:121.74,123.3 1 1
github.com/pshima/consul-snapshot/services/restore_service.go:124.2,124.64 1 1
github.com/pshima/consul-snapshot/services/restore_service.go:124.64,126.3 1 1
github.com/pshima/consul-snapshot/services/restore_service.go:128.2,128.12 1 1
github.com/pshima/consul-snapshot/services/restore_service.go:132.66,135.64 1 1
github.com/pshima/consul-snapshot/services/restore_service.go:135.64,140.63 3 1
github.com/pshima/consul-snapshot/services/restore_service.go:140.63,141.63 1 1
github.com/pshima/consul-snapshot/services/restore_service.go:141.63,143.5 1 0
github.com/pshima/consul-snapshot/services/restore_service.go:144.4,144.62 1 1
github.com/pshima/consul-snapshot/services/restore_service.go:148.3,149.63 2 1
github.com/pshima/consul-snapshot/services/restore_service.go:149.63,150.63 1 1
github.com/pshima/consul-snapshot/services/restore_service.go:150.63,152.5 1 0
github.com/pshima/consul-snapshot/services/restore_service.go:153.4,153.74 1 1
github.com/pshima/consul-snapshot/services/restore_service.go:157.3,158.65 2 1
github.com/pshima/consul-snapshot/services/restore_service.go:158.65,159.65 1 1
github.com/pshima/consul-snapshot/services/restore_service.go:159.65,161.5 1 0
github.com/pshima/consul-snapshot/services/restore_service.go:162.4,162.63 1 1
github.com/pshima/consul-snapshot/services/restore_service.go:166.2,166.12 1 1
github.com/pshima/consul-snapshot/services/restore_service.go:170.67,174.26 2 1
github.com/pshima/consul-snapshot/services/restore_service.go:174.26,176.59 2 1
github.com/pshima/consul-snapshot/services/restore_service.go:176.59,179.4 2 1
github.com/pshima/consul-snapshot/services/restore_service.go:183.2,183.26 1 1
github.com/pshima/consul-snapshot/services/restore_service.go:183.26,185.58 2 1
github.com/pshima/consul-snapshot/services/restore_service.go:185.58,188.4 2 1
github.com/pshima/consul-snapshot/services/restore_service.go:192.2,192.27 1 1
github.com/pshima/consul-snapshot/services/restore_service.go:192.27,194.60 2 1
github.com/pshima/consul-snapshot/services/restore_service.go:194.60,197.4 2 0
github.com/pshima/consul-snapshot/services/restore_service.go:200.2,200.20 1 1
github.com/pshima/consul-snapshot/services/restore_service.go:200.20,202.3 1 1
github.com/pshima/consul-snapshot/services/restore_service.go:204.2,204.12 1 1
github.com/pshima/consul-snapshot/services/restore_service.go:208.59,209.26 1 1
github.com/pshima/consul-snapshot/services/restore_service.go:209.26,210.61 1 1
github.com/pshima/consul-snapshot/services/restore_service.go:210.61,212.4 1 0
github.com/pshima/consul-snapshot/services/restore_service.go:215.2,215.30 1 1
github.com/pshima/consul-snapshot/services/restore_service.go:215.30,216.68 1 1
github.com/pshima/consul-snapshot/services/restore_service.go:216.68,218.4 1 0
github.com/pshima/consul-snapshot/services/restore_service.go:221.2,221.12 1 1
github.com/pshima/consul-snapshot/services/restore_service.go:225.63,230.16 3 1
github.com/pshima/consul-snapshot/services/restore_service.go:230.16,232.3 1 0
github.com/pshima/consul-snapshot/services/restore_service.go:235.2,238.46 2 1
github.com/pshima/consul-snapshot/services/restore_service.go:238.46,240.3 1 0
github.com/pshima/consul-snapshot/services/restore_service.go:243.2,243.45 1 1
github.com/pshima/consul-snapshot/services/restore_service.go:243.45,245.3 1 0
github.com/pshima/consul-snapshot/services/restore_service.go:248.2,248.47 1 1
github.com/pshima/consul-snapshot/services/restore_service.go:248.47,250.3 1 0
github.com/pshima/consul-snapshot/services/restore_service.go:253.2,253.48 1 1
github.com/pshima/consul-snapshot/services/restore_service.go:253.48,255.3 1 0
github.com/pshima/consul-snapshot/services/restore_service.go:257.2,258.12 2 1
github.com/pshima/consul-snapshot/consul/consul.go:21.56,25.2 1 1
github.com/pshima/consul-snapshot/consul/consul.go:28.33,30.16 2 1
github.com/pshima/consul-snapshot/consul/consul.go:30.16,31.13 1 0
github.com/pshima/consul-snapshot/consul/consul.go:33.2,33.15 1 1
github.com/pshima/consul-snapshot/consul/consul.go:37.35,39.16 2 1
github.com/pshima/consul-snapshot/consul/consul.go:39.16,41.3 1 1
github.com/pshima/consul-snapshot/consul/consul.go:42.2,44.12 3 1
github.com/pshima/consul-snapshot/consul/consul.go:48.34,50.16 2 1
github.com/pshima/consul-snapshot/consul/consul.go:50.16,52.3 1 0
github.com/pshima/consul-snapshot/consul/consul.go:53.2,55.12 3 1
github.com/pshima/consul-snapshot/consul/consul.go:59.35,61.16 2 1
github.com/pshima/consul-snapshot/consul/consul.go:61.16,63.3 1 0
github.com/pshima/consul-snapshot/consul/consul.go:64.2,66.12 3 1
github.com/pshima/consul-snapshot/consul/consul.go:70.60,71.26 1 1
github.com/pshima/consul-snapshot/consul/consul.go:71.26,72.58 1 1
github.com/pshima/consul-snapshot/consul/consul.go:72.58,74.4 1 0
github.com/pshima/consul-snapshot/consul/consul.go:76.2,76.12 1 1
github.com/pshima/consul-snapshot/consul/consul.go:80.77,81.25 1 1
github.com/pshima/consul-snapshot/consul/consul.go:81.25,82.47 1 1
github.com/pshima/consul-snapshot/consul/consul.go:82.47,84.4 1 0
github.com/pshima/consul-snapshot/consul/consul.go:86.2,86.12 1 1
github.com/pshima/consul-snapshot/consul/consul.go:90.64,91.27 1 1
github.com/pshima/consul-snapshot/consul/consul.go:91.27,92.49 1 1
github.com/pshima/consul-snapshot/consul/consul.go:92.49,94.4 1 0
github.com/pshima/consul-snapshot/consul/consul.go:96.2,96.12 1 1
